Started at Tue Mar 01 09:52:53 UTC 2022
Processing Build
Offering Build to Project Build Discarder
Processing C-program
Offering C-program to Project Build Discarder
Processing Deploy
Offering Deploy to Project Build Discarder
Processing java repo
Offering java repo to Project Build Discarder
Processing Test
Offering Test to Project Build Discarder
Finished at Tue Mar 01 09:52:53 UTC 2022. 5ms
Started at Tue Mar 01 10:52:53 UTC 2022
Processing Build
Offering Build to Project Build Discarder
Processing C-program
Offering C-program to Project Build Discarder
Processing Deploy
Offering Deploy to Project Build Discarder
Processing java repo
Offering java repo to Project Build Discarder
Processing Test
Offering Test to Project Build Discarder
Finished at Tue Mar 01 10:52:53 UTC 2022. 2ms
Started at Tue Mar 01 11:52:53 UTC 2022
Processing Build
Offering Build to Project Build Discarder
Processing C-program
Offering C-program to Project Build Discarder
Processing Deploy
Offering Deploy to Project Build Discarder
Processing java repo
Offering java repo to Project Build Discarder
Processing Test
Offering Test to Project Build Discarder
Finished at Tue Mar 01 11:52:53 UTC 2022. 1ms
Started at Tue Mar 01 12:52:53 UTC 2022
Processing Build
Offering Build to Project Build Discarder
Processing C-program
Offering C-program to Project Build Discarder
Processing Deploy
Offering Deploy to Project Build Discarder
Processing java repo
Offering java repo to Project Build Discarder
Processing Test
Offering Test to Project Build Discarder
Finished at Tue Mar 01 12:52:53 UTC 2022. 1ms
Started at Tue Mar 01 13:52:53 UTC 2022
Processing Build
Offering Build to Project Build Discarder
Processing C-program
Offering C-program to Project Build Discarder
Processing Deploy
Offering Deploy to Project Build Discarder
Processing java repo
Offering java repo to Project Build Discarder
Processing Test
Offering Test to Project Build Discarder
Finished at Tue Mar 01 13:52:53 UTC 2022. 4ms
Started at Tue Mar 01 14:52:53 UTC 2022
Processing Build
Offering Build to Project Build Discarder
Processing C-program
Offering C-program to Project Build Discarder
Processing Deploy
Offering Deploy to Project Build Discarder
Processing java repo
Offering java repo to Project Build Discarder
Processing Test
Offering Test to Project Build Discarder
Finished at Tue Mar 01 14:52:53 UTC 2022. 1ms
Started at Tue Mar 01 15:52:53 UTC 2022
Processing Build
Offering Build to Project Build Discarder
Processing C-program
Offering C-program to Project Build Discarder
Processing Deploy
Offering Deploy to Project Build Discarder
Processing java repo
Offering java repo to Project Build Discarder
Processing Test
Offering Test to Project Build Discarder
Finished at Tue Mar 01 15:52:53 UTC 2022. 1ms
Started at Tue Mar 01 16:52:53 UTC 2022
Processing Build
Offering Build to Project Build Discarder
Processing C-program
Offering C-program to Project Build Discarder
Processing Deploy
Offering Deploy to Project Build Discarder
Processing java repo
Offering java repo to Project Build Discarder
Processing Test
Offering Test to Project Build Discarder
Finished at Tue Mar 01 16:52:53 UTC 2022. 1ms
Started at Tue Mar 01 17:52:53 UTC 2022
Processing Build
Offering Build to Project Build Discarder
Processing C-program
Offering C-program to Project Build Discarder
Processing Deploy
Offering Deploy to Project Build Discarder
Processing java repo
Offering java repo to Project Build Discarder
Processing Test
Offering Test to Project Build Discarder
Finished at Tue Mar 01 17:52:53 UTC 2022. 2ms
Started at Tue Mar 01 18:52:53 UTC 2022
Processing Build
Offering Build to Project Build Discarder
Processing C-program
Offering C-program to Project Build Discarder
Processing Deploy
Offering Deploy to Project Build Discarder
Processing java repo
Offering java repo to Project Build Discarder
Processing Test
Offering Test to Project Build Discarder
Finished at Tue Mar 01 18:52:53 UTC 2022. 1ms
Started at Tue Mar 01 19:52:53 UTC 2022
Processing Build
Offering Build to Project Build Discarder
Processing C-program
Offering C-program to Project Build Discarder
Processing Deploy
Offering Deploy to Project Build Discarder
Processing java repo
Offering java repo to Project Build Discarder
Processing Test
Offering Test to Project Build Discarder
Finished at Tue Mar 01 19:52:53 UTC 2022. 1ms
Started at Tue Mar 01 20:52:53 UTC 2022
Processing Build
Offering Build to Project Build Discarder
Processing C-program
Offering C-program to Project Build Discarder
Processing Deploy
Offering Deploy to Project Build Discarder
Processing java repo
Offering java repo to Project Build Discarder
Processing Test
Offering Test to Project Build Discarder
Finished at Tue Mar 01 20:52:53 UTC 2022. 3ms
Started at Tue Mar 01 21:52:53 UTC 2022
Processing Build
Offering Build to Project Build Discarder
Processing C-program
Offering C-program to Project Build Discarder
Processing Deploy
Offering Deploy to Project Build Discarder
Processing java repo
Offering java repo to Project Build Discarder
Processing Test
Offering Test to Project Build Discarder
Finished at Tue Mar 01 21:52:53 UTC 2022. 1ms
Started at Tue Mar 01 22:52:53 UTC 2022
Processing Build
Offering Build to Project Build Discarder
Processing C-program
Offering C-program to Project Build Discarder
Processing Deploy
Offering Deploy to Project Build Discarder
Processing java repo
Offering java repo to Project Build Discarder
Processing Test
Offering Test to Project Build Discarder
Finished at Tue Mar 01 22:52:53 UTC 2022. 0ms
Started at Tue Mar 01 23:52:53 UTC 2022
Processing Build
Offering Build to Project Build Discarder
Processing C-program
Offering C-program to Project Build Discarder
Processing Deploy
Offering Deploy to Project Build Discarder
Processing java repo
Offering java repo to Project Build Discarder
Processing Test
Offering Test to Project Build Discarder
Finished at Tue Mar 01 23:52:53 UTC 2022. 1ms
Started at Wed Mar 02 00:52:53 UTC 2022
Processing Build
Offering Build to Project Build Discarder
Processing C-program
Offering C-program to Project Build Discarder
Processing Deploy
Offering Deploy to Project Build Discarder
Processing java repo
Offering java repo to Project Build Discarder
Processing Test
Offering Test to Project Build Discarder
Finished at Wed Mar 02 00:52:53 UTC 2022. 1ms
Started at Wed Mar 02 01:52:53 UTC 2022
Processing Build
Offering Build to Project Build Discarder
Processing C-program
Offering C-program to Project Build Discarder
Processing Deploy
Offering Deploy to Project Build Discarder
Processing java repo
Offering java repo to Project Build Discarder
Processing Test
Offering Test to Project Build Discarder
Finished at Wed Mar 02 01:52:53 UTC 2022. 5ms
